生成启动时间为 2018/11/27 21:47:57。
     1>项目“C:\Users\lenovo\documents\visual studio 2013\Projects\address list\address list\address list.vcxproj”在节点 2 上(Build 个目标)。
     1>ClCompile:
         C:\Program Files (x86)\VC\bin\CL.exe /c /ZI /nologo /W3 /WX- /sdl /Od /Oy- /D WIN32 /D _DEBUG /D _CONSOLE /D _LIB /D _UNICODE /D UNICODE /Gm /EHsc /RTC1 /MDd /GS /fp:precise /Zc:wchar_t /Zc:forScope /Fo"Debug\\" /Fd"Debug\vc120.pdb" /Gd /TC /analyze- /errorReport:prompt strncmp.c
         strncmp.c
     1>c:\users\lenovo\documents\visual studio 2013\projects\address list\address list\strncmp.c(7): warning C4013: “strlen”未定义；假设外部返回 int
       Link:
         C:\Program Files (x86)\VC\bin\link.exe /ERRORREPORT:PROMPT /OUT:"C:\Users\lenovo\documents\visual studio 2013\Projects\address list\Debug\address list.exe" /INCREMENTAL /NOLOGO kernel32.lib user32.lib gdi32.lib winspool.lib comdlg32.lib advapi32.lib shell32.lib ole32.lib oleaut32.lib uuid.lib odbc32.lib odbccp32.lib /MANIFEST /MANIFESTUAC:"level='asInvoker' uiAccess='false'" /manifest:embed /DEBUG /PDB:"C:\Users\lenovo\documents\visual studio 2013\Projects\address list\Debug\address list.pdb" /SUBSYSTEM:CONSOLE /TLBID:1 /DYNAMICBASE /NXCOMPAT /IMPLIB:"C:\Users\lenovo\documents\visual studio 2013\Projects\address list\Debug\address list.lib" /MACHINE:X86 "Debug\callback function.obj"
         Debug\counter.obj
         Debug\huiwen.obj
         Debug\mi_test.obj
         Debug\ptrptr.obj
         Debug\reverse.obj
         Debug\strncat.obj
         Debug\strncmp.obj
         Debug\strncpy.obj
         "Debug\源.obj"
         address list.vcxproj -> C:\Users\lenovo\documents\visual studio 2013\Projects\address list\Debug\address list.exe
     1>已完成生成项目“C:\Users\lenovo\documents\visual studio 2013\Projects\address list\address list\address list.vcxproj”(Build 个目标)的操作。

生成成功。

已用时间 00:00:00.43
